<?xml version="1.0" encoding="UTF-8"?>
<!-- Generated by org.testng.reporters.JUnitReportReporter -->
<testsuite skipped="0" hostname="WS-8192" name="AirtelAPIAutomationTask.Airtel.GetAPITest" tests="1" failures="0" timestamp="2020-07-04T19:23:01 IST" time="4.855" errors="0">
  <testcase name="getAirtelAPITest" time="4.855" classname="AirtelAPIAutomationTask.Airtel.GetAPITest"/>
  <system-out/>
</testsuite> <!-- AirtelAPIAutomationTask.Airtel.GetAPITest -->
